<?xml version="1.0" encoding="UTF-8"?>
<!-- Generated by org.testng.reporters.JUnitReportReporter -->
<testsuite skipped="0" hostname="WKWIN2341514" name="Sample.CheckTitle" tests="1" failures="0" timestamp="2021-06-11T19:42:22 IST" time="4.704" errors="0">
  <testcase name="checkTitle" time="4.704" classname="Sample.CheckTitle"/>
  <system-out/>
</testsuite> <!-- Sample.CheckTitle -->
